<?xml version="1.0" encoding="UTF-8"?>
<!-- Generated by org.testng.reporters.JUnitReportReporter -->
<testsuite hostname="Suneela-MBP.local" failures="0" tests="6" name="com.spotify.tests.PlaylistTests" time="2.788" errors="0" timestamp="2021-06-09T16:39:28 IST" skipped="0">
  <testcase classname="com.spotify.tests.PlaylistTests" name="accessTokenExpiredTest" time="1.189"/>
  <testcase classname="com.spotify.tests.PlaylistTests" name="shouldNotBeAbleToCreatePlayListWithoutName" time="0.258"/>
  <testcase classname="com.spotify.tests.PlaylistTests" name="wrongTokenTest" time="0.250"/>
  <testcase classname="com.spotify.tests.PlaylistTests" name="shouldBeAbletoUpdatePlayList" time="0.327"/>
  <testcase classname="com.spotify.tests.PlaylistTests" name="shouldBeAbletoGetPlayList" time="0.323"/>
  <testcase classname="com.spotify.tests.PlaylistTests" name="shouldBeAbletoCreatePlayList" time="0.441"/>
</testsuite> <!-- com.spotify.tests.PlaylistTests -->
