<?xml version="1.0" encoding="UTF-8"?>
<!-- Generated by org.testng.reporters.JUnitReportReporter -->
<testsuite skipped="0" hostname="Suneela-MBP.local" name="com.spotify.tests.PlaylistTests5" tests="7" failures="0" timestamp="2021-06-11T11:39:43 IST" time="7.136" errors="0">
  <testcase name="shouldBeAbletoCreatePlayList" time="4.089" classname="com.spotify.tests.PlaylistTests5"/>
  <testcase name="shouldBeAbletoGetPlayList" time="0.522" classname="com.spotify.tests.PlaylistTests5"/>
  <testcase name="shouldBeAbletoUpdatePlayList" time="0.629" classname="com.spotify.tests.PlaylistTests5"/>
  <testcase name="shouldBeAbletoGetPlayListAfterUpdate" time="0.526" classname="com.spotify.tests.PlaylistTests5"/>
  <testcase name="shouldNotBeAbleToCreatePlayListWithoutName" time="0.458" classname="com.spotify.tests.PlaylistTests5"/>
  <testcase name="wrongTokenTest" time="0.454" classname="com.spotify.tests.PlaylistTests5"/>
  <testcase name="accessTokenExpiredTest" time="0.458" classname="com.spotify.tests.PlaylistTests5"/>
</testsuite> <!-- com.spotify.tests.PlaylistTests5 -->
