<?xml version="1.0" encoding="UTF-8"?>
<!-- Generated by org.testng.reporters.JUnitReportReporter -->
<testsuite skipped="0" hostname="Suneela-MBP.local" name="com.spotify.tests.PlaylistTests4" tests="7" failures="0" timestamp="2021-06-11T11:40:00 IST" time="7.973" errors="0">
  <testcase name="shouldBeAbletoGetPlayListAfterUpdate" time="0.494" classname="com.spotify.tests.PlaylistTests4"/>
  <testcase name="accessTokenExpiredTest" time="3.170" classname="com.spotify.tests.PlaylistTests4"/>
  <testcase name="shouldBeAbletoUpdatePlayList" time="0.827" classname="com.spotify.tests.PlaylistTests4"/>
  <testcase name="shouldNotBeAbleToCreatePlayListWithoutName" time="0.475" classname="com.spotify.tests.PlaylistTests4"/>
  <testcase name="shouldBeAbletoCreatePlayList" time="1.968" classname="com.spotify.tests.PlaylistTests4"/>
  <testcase name="shouldBeAbletoGetPlayList" time="0.601" classname="com.spotify.tests.PlaylistTests4"/>
  <testcase name="wrongTokenTest" time="0.438" classname="com.spotify.tests.PlaylistTests4"/>
</testsuite> <!-- com.spotify.tests.PlaylistTests4 -->
