<?xml version="1.0" encoding="UTF-8"?>
<!-- Generated by org.testng.reporters.JUnitReportReporter -->
<testsuite skipped="0" hostname="Suneela-MBP.local" name="com.spotify.tests.PlaylistTests7" tests="7" failures="0" timestamp="2021-06-11T13:10:58 IST" time="6.607" errors="0">
  <testcase name="shouldBeAbletoCreatePlayList" time="3.765" classname="com.spotify.tests.PlaylistTests7"/>
  <testcase name="shouldBeAbletoGetPlayList" time="0.475" classname="com.spotify.tests.PlaylistTests7"/>
  <testcase name="shouldBeAbletoUpdatePlayList" time="0.552" classname="com.spotify.tests.PlaylistTests7"/>
  <testcase name="shouldBeAbletoGetPlayListAfterUpdate" time="0.450" classname="com.spotify.tests.PlaylistTests7"/>
  <testcase name="shouldNotBeAbleToCreatePlayListWithoutName" time="0.458" classname="com.spotify.tests.PlaylistTests7"/>
  <testcase name="wrongTokenTest" time="0.560" classname="com.spotify.tests.PlaylistTests7"/>
  <testcase name="accessTokenExpiredTest" time="0.347" classname="com.spotify.tests.PlaylistTests7"/>
</testsuite> <!-- com.spotify.tests.PlaylistTests7 -->
