<?xml version="1.0" encoding="UTF-8"?>
<!-- Generated by org.testng.reporters.JUnitReportReporter -->
<testsuite skipped="0" hostname="Suneela-MBP.local" name="com.spotify.tests.PlaylistTests7" tests="7" failures="0" timestamp="2021-06-22T11:05:45 IST" time="7.553" errors="0">
  <testcase name="shouldBeAbletoCreatePlayList" time="4.462" classname="com.spotify.tests.PlaylistTests7"/>
  <testcase name="shouldBeAbletoGetPlayList" time="0.612" classname="com.spotify.tests.PlaylistTests7"/>
  <testcase name="shouldBeAbletoUpdatePlayList" time="0.682" classname="com.spotify.tests.PlaylistTests7"/>
  <testcase name="shouldBeAbletoGetPlayListAfterUpdate" time="0.491" classname="com.spotify.tests.PlaylistTests7"/>
  <testcase name="shouldNotBeAbleToCreatePlayListWithoutName" time="0.436" classname="com.spotify.tests.PlaylistTests7"/>
  <testcase name="wrongTokenTest" time="0.424" classname="com.spotify.tests.PlaylistTests7"/>
  <testcase name="accessTokenExpiredTest" time="0.446" classname="com.spotify.tests.PlaylistTests7"/>
</testsuite> <!-- com.spotify.tests.PlaylistTests7 -->
