<?xml version="1.0" encoding="UTF-8"?>
<!-- Generated by org.testng.reporters.JUnitReportReporter -->
<testsuite hostname="Suneela-MBP.local" failures="0" tests="7" name="com.spotify.tests.PlaylistTests2" time="3.175" errors="0" timestamp="2021-06-09T20:27:10 IST" skipped="0">
  <testcase classname="com.spotify.tests.PlaylistTests2" name="shouldBeAbletoCreatePlayList" time="0.473"/>
  <testcase classname="com.spotify.tests.PlaylistTests2" name="shouldBeAbletoUpdatePlayList" time="0.324"/>
  <testcase classname="com.spotify.tests.PlaylistTests2" name="wrongTokenTest" time="0.259"/>
  <testcase classname="com.spotify.tests.PlaylistTests2" name="accessTokenExpiredTest" time="1.117"/>
  <testcase classname="com.spotify.tests.PlaylistTests2" name="shouldBeAbletoGetPlayListAfterUpdate" time="0.318"/>
  <testcase classname="com.spotify.tests.PlaylistTests2" name="shouldNotBeAbleToCreatePlayListWithoutName" time="0.277"/>
  <testcase classname="com.spotify.tests.PlaylistTests2" name="shouldBeAbletoGetPlayList" time="0.407"/>
</testsuite> <!-- com.spotify.tests.PlaylistTests2 -->
