<?xml version="1.0" encoding="UTF-8"?>
<!-- Generated by org.testng.reporters.JUnitReportReporter -->
<testsuite skipped="0" hostname="Suneela-MBP.local" name="com.spotify.tests.PlaylistTests6" tests="7" failures="0" timestamp="2021-06-11T12:42:41 IST" time="8.503" errors="0">
  <testcase name="shouldBeAbletoCreatePlayList" time="5.388" classname="com.spotify.tests.PlaylistTests6"/>
  <testcase name="shouldBeAbletoGetPlayList" time="0.512" classname="com.spotify.tests.PlaylistTests6"/>
  <testcase name="shouldBeAbletoUpdatePlayList" time="0.568" classname="com.spotify.tests.PlaylistTests6"/>
  <testcase name="shouldBeAbletoGetPlayListAfterUpdate" time="0.499" classname="com.spotify.tests.PlaylistTests6"/>
  <testcase name="shouldNotBeAbleToCreatePlayListWithoutName" time="0.449" classname="com.spotify.tests.PlaylistTests6"/>
  <testcase name="wrongTokenTest" time="0.375" classname="com.spotify.tests.PlaylistTests6"/>
  <testcase name="accessTokenExpiredTest" time="0.712" classname="com.spotify.tests.PlaylistTests6"/>
</testsuite> <!-- com.spotify.tests.PlaylistTests6 -->
